Build started 6/18/2015 11:58:11 AM.
     1>Project "C:\Users\GreyHatGuy\Desktop\CIS22B\Week 7 Inheritence, templates, linked list\Lab 7\lab7.vcxproj" on node 2 (Build target(s)).
     1>ClCompile:
         C:\Program Files (x86)\Microsoft Visual Studio 12.0\VC\bin\CL.exe /c /ZI /nologo /W3 /WX- /sdl /Od /Oy- /D WIN32 /D _DEBUG /D _CONSOLE /D _LIB /D _UNICODE /D UNICODE /Gm /EHsc /RTC1 /MDd /GS /fp:precise /Zc:wchar_t /Zc:forScope /Fo"Debug\\" /Fd"Debug\vc120.pdb" /Gd /TP /analyze- /errorReport:prompt History.cpp lab7.cpp
         History.cpp
     1>c:\users\greyhatguy\desktop\cis22b\week 7 inheritence, templates, linked list\lab 7\linkedlist.h(163): warning C4812: obsolete declaration style: please use 'LinkedList<T>::LinkedList' instead
     1>c:\users\greyhatguy\desktop\cis22b\week 7 inheritence, templates, linked list\lab 7\history.cpp(68): warning C4018: '<' : signed/unsigned mismatch
         Generating Code...
         Compiling...
         lab7.cpp
     1>c:\users\greyhatguy\desktop\cis22b\week 7 inheritence, templates, linked list\lab 7\linkedlist.h(163): warning C4812: obsolete declaration style: please use 'LinkedList<T>::LinkedList' instead
         Generating Code...
       Link:
         C:\Program Files (x86)\Microsoft Visual Studio 12.0\VC\bin\link.exe /ERRORREPORT:PROMPT /OUT:"C:\Users\GreyHatGuy\Desktop\CIS22B\Week 7 Inheritence, templates, linked list\Lab 7\Debug\lab7.exe" /INCREMENTAL /NOLOGO kernel32.lib user32.lib gdi32.lib winspool.lib comdlg32.lib advapi32.lib shell32.lib ole32.lib oleaut32.lib uuid.lib odbc32.lib odbccp32.lib /MANIFEST /MANIFESTUAC:"level='asInvoker' uiAccess='false'" /manifest:embed /DEBUG /PDB:"C:\Users\GreyHatGuy\Desktop\CIS22B\Week 7 Inheritence, templates, linked list\Lab 7\Debug\lab7.pdb" /SUBSYSTEM:CONSOLE /TLBID:1 /DYNAMICBASE /NXCOMPAT /IMPLIB:"C:\Users\GreyHatGuy\Desktop\CIS22B\Week 7 Inheritence, templates, linked list\Lab 7\Debug\lab7.lib" /MACHINE:X86 Debug\Course.obj
         Debug\History.obj
         Debug\lab7.obj
         Debug\ShortCourse.obj
         lab7.vcxproj -> C:\Users\GreyHatGuy\Desktop\CIS22B\Week 7 Inheritence, templates, linked list\Lab 7\Debug\lab7.exe
     1>Done Building Project "C:\Users\GreyHatGuy\Desktop\CIS22B\Week 7 Inheritence, templates, linked list\Lab 7\lab7.vcxproj" (Build target(s)).

Build succeeded.

Time Elapsed 00:00:01.74
